Build started 8/31/2015 6:34:14 PM.
Environment at start of build:
ALLUSERSPROFILE = C:\ProgramData
APPDATA = C:\Users\rsmith\AppData\Roaming
asl.log = Destination=file
BAO_P4ROOT = J:\WBGames
BRIDGE_CURRENT_IP_ADDRESS = 10.0.0.52
BRIDGE_CURRENT_NAME = MTLWDEV33
CAFE_BOOT_MODE = PCFS
CAFE_CODE_DIR = J:\WBGames\Ozzy\Main\Wiiu\SP\UnrealEngine3\Binaries\Gusto\Shipping
CAFE_CONTENT_DIR = J:/wiiu/content
CAFE_HARDWARE = catdevmp
CAFE_ROOT = J:\WBGames\Ozzy\Main\Wiiu\SP\UnrealEngine3\Development\External\SDK\WiiU\Latest\cafe_sdk
CG_BIN64_PATH = C:\Program Files (x86)\NVIDIA Corporation\Cg\bin.x64
CG_BIN_PATH = C:\Program Files (x86)\NVIDIA Corporation\Cg\bin
CG_INC_PATH = C:\Program Files (x86)\NVIDIA Corporation\Cg\include
CG_LIB64_PATH = C:\Program Files (x86)\NVIDIA Corporation\Cg\lib.x64
CG_LIB_PATH = C:\Program Files (x86)\NVIDIA Corporation\Cg\lib
CommonProgramFiles = C:\Program Files (x86)\Common Files
CommonProgramFiles(x86) = C:\Program Files (x86)\Common Files
CommonProgramW6432 = C:\Program Files\Common Files
COMPUTERNAME = WARLORDS
ComSpec = C:\Windows\system32\cmd.exe
DXSDK_DIR = C:\Program Files (x86)\Microsoft DirectX SDK (June 2010)\
FP_NO_HOST_CHECK = NO
GFXSDK = C:\Scaleform\GFx SDK 4.1\
GHS_ROOT = J:\WBGames\Ozzy\Main\Wiiu\SP\UnrealEngine3\Development\External\SDK\WiiU\Latest\ghs\multi
HAVOK_THIRDPARTY_DIR = C:\hhppo\ppo\Havok\VisionSDK\ThirdParty
HOMEDRIVE = U:
HOMEPATH = \
HOMESHARE = \\PONS\rsmith
JAVA_HOME = C:\Program Files\Java\jre7
JDK_DIR = C:\Program Files\Java\jdk1.8.0_11
LOCALAPPDATA = C:\Users\rsmith\AppData\Local
LOGONSERVER = \\PONS
MION_BRIDGE_TOOLS = C:\Program Files\Nintendo\HostBridge
MpConfig_ProductAppDataPath = C:\ProgramData\Microsoft\Windows Defender
MpConfig_ProductCodeName = AntiSpyware
MpConfig_ProductPath = C:\Program Files\Windows Defender
MpConfig_ProductUserAppDataPath = C:\Users\rsmith\AppData\Local\Microsoft\Windows Defender
MpConfig_ReportingGUID = CF5B7DE3-731B-4CBC-9B88-4D2150A31D8C
NUMBER_OF_PROCESSORS = 8
OS = Windows_NT
Path = C:\Program Files (x86)\SCE\ORBIS SDKs\2.500\host_tools\bin;C:\Program Files (x86)\SCE\Common\SceVSI-VS12\bin;C:\Program Files (x86)\SCE\ORBIS\Tools\Publishing Tools\bin;C:\Program Files (x86)\SCE\ORBIS\Tools\Target Manager Server\bin;C:\ProgramData\Oracle\Java\javapath;C:\python27\;C:\Perl64\site\bin;C:\Perl64\bin;C:\Program Files (x86)\SCE\Common\VSI\bin;C:\Program Files (x86)\SN Systems\PS3\bin;C:\Program Files (x86)\NVIDIA Corporation\PhysX\Common;C:\Windows\system32;C:\Windows;C:\Windows\System32\Wbem;C:\Windows\System32\WindowsPowerShell\v1.0\;c:\program files (x86)\ProcessExplorer;C:\Program Files\Perforce;C:\Program Files (x86)\ATI Technologies\ATI.ACE\Core-Static;c:\Program Files (x86)\Microsoft SQL Server\100\Tools\Binn\;c:\Program Files\Microsoft SQL Server\100\Tools\Binn\;c:\Program Files\Microsoft SQL Server\100\DTS\Binn\;C:\Program Files (x86)\Perforce;%VISION_SDK_BIN%;C:\Program Files (x86)\CMake 2.8\bin;C:\Panda3D-1.7.2\python;C:\Panda3D-1.7.2\bin;C:\Program Files (x86)\NVIDIA Corporation\Cg\bin;C:\Program Files (x86)\NVIDIA Corporation\Cg\bin.x64;C:\Program Files\Nintendo\HostBridge;C:\Work;C:\Program Files (x86)\Windows Kits\8.1\Windows Performance Toolkit\;C:\Program Files\Microsoft SQL Server\110\Tools\Binn\;C:\Program Files (x86)\Microsoft SDKs\TypeScript\1.0\;C:\Program Files\Microsoft SQL Server\120\Tools\Binn\;C:\Program Files\nodejs\;C:\Program Files\TortoiseGit\bin;C:\Program Files (x86)\Skype\Phone\;C:\Program Files (x86)\Git\cmd;C:\Program Files\TortoiseHg\;C:\Program Files\TortoiseSVN\bin;C:\Program Files (x86)\QuickTime\QTSystem\;C:\Users\rsmith\AppData\Roaming\npm;C:\Program Files (x86)\CVSNT\
PATHEXT = .COM;.EXE;.BAT;.CMD;.VBS;.VBE;.JS;.JSE;.WSF;.WSH;.MSC
PROCESSOR_ARCHITECTURE = x86
PROCESSOR_ARCHITEW6432 = AMD64
PROCESSOR_IDENTIFIER = Intel64 Family 6 Model 26 Stepping 5, GenuineIntel
PROCESSOR_LEVEL = 6
PROCESSOR_REVISION = 1a05
ProgramData = C:\ProgramData
ProgramFiles = C:\Program Files (x86)
ProgramFiles(x86) = C:\Program Files (x86)
ProgramW6432 = C:\Program Files
PSModulePath = C:\Windows\system32\WindowsPowerShell\v1.0\Modules\
PUBLIC = C:\Users\Public
SCE_ORBIS_SAMPLE_DIR = C:\Program Files (x86)\SCE\ORBIS SDKs\2.500\target\samples
SCE_ORBIS_SDK_DIR = C:\Program Files (x86)\SCE\ORBIS SDKs\2.500
SCE_ORB_FSD = O:
SCE_PS3_ROOT = C:/usr/local/cell
SCE_ROOT_DIR = C:\Program Files (x86)\SCE
SCE_SCREAM_TOOL = C:\Program Files (x86)\SCE\Common\Scream Tool\release\screamtool_scei\
SN_COMMON_PATH = C:\Program Files (x86)\SN Systems\Common
SN_PS3_PATH = C:\Program Files (x86)\SN Systems\PS3
SystemDrive = C:
SystemRoot = C:\Windows
TEMP = C:\Users\rsmith\AppData\Local\Temp
TMP = C:\Users\rsmith\AppData\Local\Temp
USERDNSDOMAIN = HUMANHEAD.COM
USERDOMAIN = HUMANHEAD
USERNAME = rsmith
USERPROFILE = C:\Users\rsmith
VBOX_MSI_INSTALL_PATH = C:\Program Files\Oracle\VirtualBox\
VISION_SDK = C:\hhppo\ppo\Havok\VisionSDK
VISION_SDK_BIN = C:\hh\ppo\Havok\VisionSDK\Bin\x64_vs2010\dev_dll\DX9
VisualStudioDir = C:\Users\rsmith\Documents\Visual Studio 2010
VS100COMNTOOLS = C:\Program Files (x86)\Microsoft Visual Studio 10.0\Common7\Tools\
VS110COMNTOOLS = C:\Program Files (x86)\Microsoft Visual Studio 11.0\Common7\Tools\
VS120COMNTOOLS = C:\Program Files (x86)\Microsoft Visual Studio 12.0\Common7\Tools\
VS90COMNTOOLS = C:\Program Files (x86)\Microsoft Visual Studio 9.0\Common7\Tools\
VSI_CAFE_ROOT = C:\Program Files (x86)\Nintendo\VSI-Cafe\
WaveEngine = C:\Program Files (x86)\Wave Engine\
windir = C:\Windows
XEDK = C:\Program Files (x86)\Microsoft Xbox 360 SDK

     1>Project "C:\work\dufresne\SDL2\VisualC\SDL\SDL_VS2010.vcxproj" on node 3 (build target(s)).
     1>InitializeBuildStatus:
         Creating "Win32\Debug\SDL2.unsuccessfulbuild" because "AlwaysCreate" was specified.
       ClCompile:
         All outputs are up-to-date.
       ResourceCompile:
         All outputs are up-to-date.
       Link:
         All outputs are up-to-date.
         SDL_VS2010.vcxproj -> C:\work\dufresne\SDL2\VisualC\SDL\Win32\Debug\SDL2.dll
       FinalizeBuildStatus:
         Deleting file "Win32\Debug\SDL2.unsuccessfulbuild".
         Touching "Win32\Debug\SDL2.lastbuildstate".
     1>Done Building Project "C:\work\dufresne\SDL2\VisualC\SDL\SDL_VS2010.vcxproj" (build target(s)).

Project Performance Summary:
      199 ms  C:\work\dufresne\SDL2\VisualC\SDL\SDL_VS2010.vcxproj   1 calls
                199 ms  build                                      1 calls

Target Performance Summary:
        0 ms  SelectCustomBuild                          1 calls
        0 ms  _Midl                                      1 calls
        0 ms  _ClCompile                                 1 calls
        0 ms  CreateCustomManifestResourceNames          1 calls
        0 ms  GetReferenceAssemblyPaths                  1 calls
        0 ms  _CheckForCompileOutputs                    1 calls
        0 ms  GetCopyToOutputDirectoryXamlAppDefs        1 calls
        0 ms  _Xsd                                       1 calls
        0 ms  _SelectedFiles                             1 calls
        0 ms  BuildLink                                  1 calls
        0 ms  BeforeResourceCompile                      1 calls
        0 ms  _DetermineManagedStateForLink              1 calls
        0 ms  _CopySourceItemsToOutputDirectory          1 calls
        0 ms  PreLinkEvent                               1 calls
        0 ms  AfterMidl                                  1 calls
        0 ms  AfterResourceCompile                       1 calls
        0 ms  _GenerateXMLData                           1 calls
        0 ms  _Manifest                                  1 calls
        0 ms  AfterBuildCompileEvent                     1 calls
        0 ms  AfterBuild                                 1 calls
        0 ms  BuildLinkTraverse                          1 calls
        0 ms  _Link                                      1 calls
        0 ms  ComputeManifestInputsTargets               1 calls
        0 ms  GetInstalledSDKLocations                   1 calls
        0 ms  ComputeRCOutputs                           1 calls
        0 ms  MakeDirsForBscMake                         1 calls
        0 ms  ComputeCustomBuildOutput                   1 calls
        0 ms  PostBuildEvent                             1 calls
        0 ms  Build                                      1 calls
        0 ms  _ResourceCompile                           1 calls
        0 ms  AfterBuildGenerateSources                  1 calls
        0 ms  BuildCompileTraverse                       1 calls
        0 ms  ComputeManifestGeneratedLinkerInputs       1 calls
        0 ms  SelectClCompile                            1 calls
        0 ms  ResolveReferences                          1 calls
        0 ms  CreateSatelliteAssemblies                  1 calls
        0 ms  _XdcMake                                   1 calls
        0 ms  MakeDirsForManifest                        1 calls
        0 ms  ExpandSDKReferences                        1 calls
        0 ms  SelectResourceCompile                      1 calls
        0 ms  BeforeResolveReferences                    1 calls
        0 ms  AfterResolveReferences                     1 calls
        0 ms  PreBuildEvent                              1 calls
        0 ms  _SplitProjectReferencesByFileExistence     1 calls
        0 ms  AfterBuildGenerateSourcesEvent             1 calls
        0 ms  PrepareResourceNames                       1 calls
        0 ms  GetFrameworkPaths                          1 calls
        0 ms  BeforeClCompile                            1 calls
        0 ms  ComputeCLGeneratedLinkInputs               1 calls
        0 ms  ResolveSDKReferences                       1 calls
        0 ms  BuildGenerateSources                       1 calls
        0 ms  ComputeCLCompileGeneratedSbrFiles          1 calls
        0 ms  _ALink                                     1 calls
        0 ms  _BscMake                                   1 calls
        0 ms  MakeDirsForMidl                            1 calls
        0 ms  _Appverifier                               1 calls
        0 ms  _DetermineManagedStateFromCL               1 calls
        0 ms  GetCopyToOutputDirectoryItems              1 calls
        0 ms  AfterClCompile                             1 calls
        0 ms  BeforeLink                                 1 calls
        0 ms  BeforeBuildGenerateSources                 1 calls
        0 ms  MakeDirsForXdcMake                         1 calls
        0 ms  _GenerateWebServiceProxy                   1 calls
        0 ms  BuildGenerateSourcesTraverse               1 calls
        0 ms  AfterLink                                  1 calls
        0 ms  _Deploy                                    1 calls
        0 ms  BuildCompile                               1 calls
        0 ms  ComputeRCGeneratedLinkInputs               1 calls
        1 ms  ComputeLinkInputsFromProject               1 calls
        1 ms  ComputeMIDLGeneratedCompileInputs          1 calls
        1 ms  ResolveProjectReferences                   1 calls
        1 ms  MakeDirsForResourceCompile                 1 calls
        1 ms  _GenerateSatelliteAssemblyInputs           1 calls
        1 ms  ComputeCLInputPDBName                      1 calls
        1 ms  AssignTargetPaths                          1 calls
        1 ms  ResolvedXDCMake                            1 calls
        1 ms  _PrepareForBuild                           1 calls
        1 ms  AssignProjectConfiguration                 1 calls
        1 ms  PlatformPrepareForBuild                    1 calls
        1 ms  SetBuildDefaultEnvironmentVariables        1 calls
        1 ms  DoLinkOutputFilesMatch                     1 calls
        1 ms  SplitResourcesByCulture                    1 calls
        1 ms  CopyFilesToOutputDirectory                 1 calls
        1 ms  PrepareForBuild                            1 calls
        1 ms  ComputeReferenceCLInput                    1 calls
        2 ms  MakeDirsForLink                            1 calls
        2 ms  Manifest                                   1 calls
        2 ms  MakeDirsForCl                              1 calls
        2 ms  FinalizeBuildStatus                        1 calls
        2 ms  ComputeCLCompileGeneratedXDCFiles          1 calls
        3 ms  _CheckForInvalidConfigurationAndPlatform   1 calls
        3 ms  ResolveAssemblyReferences                  1 calls
        4 ms  InitializeBuildStatus                      1 calls
        5 ms  ResourceCompile                            1 calls
        7 ms  ComputeCLOutputs                           1 calls
       40 ms  Link                                       1 calls
      100 ms  ClCompile                                  1 calls

Task Performance Summary:
        0 ms  SetEnv                                     4 calls
        0 ms  AssignProjectConfiguration                 1 calls
        0 ms  Message                                    3 calls
        0 ms  AssignTargetPath                           6 calls
        1 ms  AssignCulture                              1 calls
        1 ms  Mt                                         1 calls
        1 ms  Copy                                       1 calls
        1 ms  ReadLinesFromFile                          1 calls
        1 ms  WriteLinesToFile                           2 calls
        1 ms  Delete                                     1 calls
        2 ms  MakeDir                                   10 calls
        3 ms  Touch                                      2 calls
        3 ms  ResolveAssemblyReference                   1 calls
        5 ms  RC                                         1 calls
       29 ms  Link                                       1 calls
       69 ms  CL                                         1 calls

Build succeeded.

Time Elapsed 00:00:00.20
